g:\驱动开发代码\vttome\vttome\x64\release\vc141.pdb
g:\驱动开发代码\vttome\vttome\x64\release\vtvmexit.obj
g:\驱动开发代码\vttome\vttome\x64\release\vtinstall.obj
g:\驱动开发代码\vttome\vttome\x64\release\vtheader.obj
g:\驱动开发代码\vttome\vttome\x64\release\vtevent.obj
g:\驱动开发代码\vttome\vttome\x64\release\vtepthook.obj
g:\驱动开发代码\vttome\vttome\x64\release\vtept.obj
g:\驱动开发代码\vttome\vttome\x64\release\vtbase.obj
g:\驱动开发代码\vttome\vttome\x64\release\tools.obj
g:\驱动开发代码\vttome\vttome\x64\release\lde64x64.obj
g:\驱动开发代码\vttome\vttome\x64\release\driverentry.obj
g:\驱动开发代码\vttome\x64\release\vttome.sys
g:\驱动开发代码\vttome\x64\release\vttome.pdb
g:\驱动开发代码\vttome\vttome\x64\release\vtasm.obj
g:\驱动开发代码\vttome\x64\release\vttome.cer
g:\驱动开发代码\vttome\vttome\x64\release\vttome.tlog\cl.command.1.tlog
g:\驱动开发代码\vttome\vttome\x64\release\vttome.tlog\cl.read.1.tlog
g:\驱动开发代码\vttome\vttome\x64\release\vttome.tlog\cl.write.1.tlog
g:\驱动开发代码\vttome\vttome\x64\release\vttome.tlog\link.command.1.tlog
g:\驱动开发代码\vttome\vttome\x64\release\vttome.tlog\link.read.1.tlog
g:\驱动开发代码\vttome\vttome\x64\release\vttome.tlog\link.write.1.tlog
g:\驱动开发代码\vttome\vttome\x64\release\vttome.tlog\masm.read.1u.tlog
g:\驱动开发代码\vttome\vttome\x64\release\vttome.tlog\masm.write.1u.tlog
g:\驱动开发代码\vttome\vttome\x64\release\vttome.tlog\signtool.command.1.tlog
g:\驱动开发代码\vttome\vttome\x64\release\vttome.tlog\signtool.read.1.tlog
g:\驱动开发代码\vttome\vttome\x64\release\vttome.tlog\signtool.timestamp.1.tlog
g:\驱动开发代码\vttome\vttome\x64\release\vttome.tlog\signtool.write.1.tlog
