g:\驱动开发代码\vttome框架搭建\5. vttome 优化部分代码,处理中断,添加简写版epthook方法\vttome\vttome\x64\debug\vc141.pdb
g:\驱动开发代码\vttome框架搭建\5. vttome 优化部分代码,处理中断,添加简写版epthook方法\vttome\vttome\x64\debug\vtvmexit.obj
g:\驱动开发代码\vttome框架搭建\5. vttome 优化部分代码,处理中断,添加简写版epthook方法\vttome\vttome\x64\debug\vtssdthook.obj
g:\驱动开发代码\vttome框架搭建\5. vttome 优化部分代码,处理中断,添加简写版epthook方法\vttome\vttome\x64\debug\vtinstall.obj
g:\驱动开发代码\vttome框架搭建\5. vttome 优化部分代码,处理中断,添加简写版epthook方法\vttome\vttome\x64\debug\vthookvector.obj
g:\驱动开发代码\vttome框架搭建\5. vttome 优化部分代码,处理中断,添加简写版epthook方法\vttome\vttome\x64\debug\vtheader.obj
g:\驱动开发代码\vttome框架搭建\5. vttome 优化部分代码,处理中断,添加简写版epthook方法\vttome\vttome\x64\debug\vtevent.obj
g:\驱动开发代码\vttome框架搭建\5. vttome 优化部分代码,处理中断,添加简写版epthook方法\vttome\vttome\x64\debug\vtepthook.obj
g:\驱动开发代码\vttome框架搭建\5. vttome 优化部分代码,处理中断,添加简写版epthook方法\vttome\vttome\x64\debug\vtept.obj
g:\驱动开发代码\vttome框架搭建\5. vttome 优化部分代码,处理中断,添加简写版epthook方法\vttome\vttome\x64\debug\vtbase.obj
g:\驱动开发代码\vttome框架搭建\5. vttome 优化部分代码,处理中断,添加简写版epthook方法\vttome\vttome\x64\debug\tools.obj
g:\驱动开发代码\vttome框架搭建\5. vttome 优化部分代码,处理中断,添加简写版epthook方法\vttome\vttome\x64\debug\lde64x64.obj
g:\驱动开发代码\vttome框架搭建\5. vttome 优化部分代码,处理中断,添加简写版epthook方法\vttome\vttome\x64\debug\driverentry.obj
g:\驱动开发代码\vttome框架搭建\5. vttome 优化部分代码,处理中断,添加简写版epthook方法\vttome\x64\debug\vttome.sys
g:\驱动开发代码\vttome框架搭建\5. vttome 优化部分代码,处理中断,添加简写版epthook方法\vttome\x64\debug\vttome.pdb
g:\驱动开发代码\vttome框架搭建\5. vttome 优化部分代码,处理中断,添加简写版epthook方法\vttome\vttome\x64\debug\vtasm.obj
g:\驱动开发代码\vttome框架搭建\5. vttome 优化部分代码,处理中断,添加简写版epthook方法\vttome\vttome\x64\debug\vt_win10_kernel_code_asm.obj
g:\驱动开发代码\vttome框架搭建\5. vttome 优化部分代码,处理中断,添加简写版epthook方法\vttome\vttome\x64\debug\vt_win7_kernel_code_asm.obj
g:\驱动开发代码\vttome框架搭建\5. vttome 优化部分代码,处理中断,添加简写版epthook方法\vttome\x64\debug\vttome.cer
g:\驱动开发代码\vttome框架搭建\5. vttome 优化部分代码,处理中断,添加简写版epthook方法\vttome\vttome\x64\debug\vttome.tlog\cl.command.1.tlog
g:\驱动开发代码\vttome框架搭建\5. vttome 优化部分代码,处理中断,添加简写版epthook方法\vttome\vttome\x64\debug\vttome.tlog\cl.read.1.tlog
g:\驱动开发代码\vttome框架搭建\5. vttome 优化部分代码,处理中断,添加简写版epthook方法\vttome\vttome\x64\debug\vttome.tlog\cl.write.1.tlog
g:\驱动开发代码\vttome框架搭建\5. vttome 优化部分代码,处理中断,添加简写版epthook方法\vttome\vttome\x64\debug\vttome.tlog\link.command.1.tlog
g:\驱动开发代码\vttome框架搭建\5. vttome 优化部分代码,处理中断,添加简写版epthook方法\vttome\vttome\x64\debug\vttome.tlog\link.read.1.tlog
g:\驱动开发代码\vttome框架搭建\5. vttome 优化部分代码,处理中断,添加简写版epthook方法\vttome\vttome\x64\debug\vttome.tlog\link.write.1.tlog
g:\驱动开发代码\vttome框架搭建\5. vttome 优化部分代码,处理中断,添加简写版epthook方法\vttome\vttome\x64\debug\vttome.tlog\masm.read.1u.tlog
g:\驱动开发代码\vttome框架搭建\5. vttome 优化部分代码,处理中断,添加简写版epthook方法\vttome\vttome\x64\debug\vttome.tlog\masm.write.1u.tlog
g:\驱动开发代码\vttome框架搭建\5. vttome 优化部分代码,处理中断,添加简写版epthook方法\vttome\vttome\x64\debug\vttome.tlog\signtool.command.1.tlog
g:\驱动开发代码\vttome框架搭建\5. vttome 优化部分代码,处理中断,添加简写版epthook方法\vttome\vttome\x64\debug\vttome.tlog\signtool.read.1.tlog
g:\驱动开发代码\vttome框架搭建\5. vttome 优化部分代码,处理中断,添加简写版epthook方法\vttome\vttome\x64\debug\vttome.tlog\signtool.timestamp.1.tlog
g:\驱动开发代码\vttome框架搭建\5. vttome 优化部分代码,处理中断,添加简写版epthook方法\vttome\vttome\x64\debug\vttome.tlog\signtool.write.1.tlog
